{
  "uid" : "a3d0b6d5a32607bd",
  "name" : "test_failure",
  "fullName" : "scripts.test_login#test_failure",
  "historyId" : "cf9e446d5bf24fa6aea818654b5a1655",
  "time" : {
    "start" : 1620954700773,
    "stop" : 1620954700773,
    "duration" : 0
  },
  "description" : "this test fails",
  "descriptionHtml" : "<p>this test fails</p>\n",
  "status" : "failed",
  "statusMessage" : "AssertionError: assert False",
  "statusTrace" : "def test_failure():\n        \"\"\"this test fails\"\"\"\n>       assert False\nE       assert False\n\nscripts\\test_login.py:11: AssertionError",
  "flaky" : false,
  "newFailed" : false,
  "beforeStages" : [ ],
  "afterStages" : [ ],
  "labels" : [ {
    "name" : "parentSuite",
    "value" : "scripts"
  }, {
    "name" : "suite",
    "value" : "test_login"
  }, {
    "name" : "host",
    "value" : "AUTOBVT-I54QPM4"
  }, {
    "name" : "thread",
    "value" : "6708-MainThread"
  }, {
    "name" : "framework",
    "value" : "pytest"
  }, {
    "name" : "language",
    "value" : "cpython3"
  }, {
    "name" : "package",
    "value" : "scripts.test_login"
  }, {
    "name" : "resultFormat",
    "value" : "allure2"
  } ],
  "parameters" : [ ],
  "links" : [ ],
  "hidden" : false,
  "retry" : false,
  "extra" : {
    "severity" : "normal",
    "retries" : [ ],
    "categories" : [ {
      "name" : "Product defects",
      "matchedStatuses" : [ ],
      "flaky" : false
    } ],
    "tags" : [ ]
  },
  "source" : "a3d0b6d5a32607bd.json",
  "parameterValues" : [ ]
}